<?xml version="1.0" encoding="UTF-8"?>
<testsuite name="tests.TestDodo" tests="1" skipped="0" failures="0" errors="0" timestamp="2023-05-04T19:22:18" hostname="DESKTOP-T1L377U" time="11.165">
  <properties/>
  <testcase name="changeCity()" classname="tests.TestDodo" time="11.165"/>
  <system-out><![CDATA[]]></system-out>
  <system-err><![CDATA[мая 04, 2023 10:22:19 PM org.openqa.selenium.remote.RemoteWebDriver checkNonW3CCapabilities
WARNING: Support for Legacy Capabilities is deprecated; You are sending the following invalid capabilities: [enableVNC, enableVideo]; Please update to W3C Syntax: https://www.selenium.dev/blog/2022/legacy-protocol-support/
Starting ChromeDriver 112.0.5615.49 (bd2a7bcb881c11e8cfe3078709382934e3916914-refs/branch-heads/5615@{#936}) on port 34709
Only local connections are allowed.
Please see https://chromedriver.chromium.org/security-considerations for suggestions on keeping ChromeDriver safe.
ChromeDriver was started successfully.
мая 04, 2023 10:22:21 PM org.openqa.selenium.remote.ProtocolHandshake createSession
WARNING: Support for Legacy Capabilities is deprecated; You are sending the following invalid capabilities: [enableVNC, enableVideo]; Please update to W3C Syntax: https://www.selenium.dev/blog/2022/legacy-protocol-support/
мая 04, 2023 10:22:21 PM org.openqa.selenium.devtools.CdpVersionFinder findNearestMatch
WARNING: Unable to find an exact match for CDP version 112, so returning the closest version found: 110
]]></system-err>
</testsuite>
