<?xml version="1.0" encoding="UTF-8"?>
<testsuite name="tests.TestDodo" tests="4" skipped="0" failures="0" errors="0" timestamp="2023-04-19T08:59:50" hostname="DESKTOP-T1L377U" time="41.178">
  <properties/>
  <testcase name="changeCity()" classname="tests.TestDodo" time="20.939"/>
  <testcase name="choosePizzaSize()" classname="tests.TestDodo" time="8.607"/>
  <testcase name="aboutUs()" classname="tests.TestDodo" time="7.852"/>
  <testcase name="incorrectCity()" classname="tests.TestDodo" time="3.771"/>
  <system-out><![CDATA[]]></system-out>
  <system-err><![CDATA[апр. 19, 2023 11:59:51 AM org.openqa.selenium.remote.RemoteWebDriver checkNonW3CCapabilities
WARNING: Support for Legacy Capabilities is deprecated; You are sending the following invalid capabilities: [enableVNC, enableVideo]; Please update to W3C Syntax: https://www.selenium.dev/blog/2022/legacy-protocol-support/
апр. 19, 2023 11:59:58 AM org.openqa.selenium.remote.ProtocolHandshake createSession
WARNING: Support for Legacy Capabilities is deprecated; You are sending the following invalid capabilities: [enableVNC, enableVideo]; Please update to W3C Syntax: https://www.selenium.dev/blog/2022/legacy-protocol-support/
]]></system-err>
</testsuite>
